[INFO ] 2023-09-22 16:53:04.646 [main] StepDef - setup method executed...
[INFO ] 2023-09-22 16:53:04.962 [main] StepDef - user launch the firefox browser...
[INFO ] 2023-09-22 16:53:07.031 [main] StepDef - user ioprn the url...
[INFO ] 2023-09-22 16:53:07.155 [main] StepDef - email address and password entered...
[INFO ] 2023-09-22 16:53:09.325 [main] StepDef - login button clicked...
[WARN ] 2023-09-22 16:53:09.327 [main] StepDef - Test passed: Login Feature : Page title matched
[WARN ] 2023-09-22 16:53:09.327 [main] StepDef - Test failed: Login Feature : Page title not matched
[INFO ] 2023-09-22 16:53:15.767 [main] StepDef - User clicked on logout linked
[WARN ] 2023-09-22 16:53:20.780 [main] StepDef - Test passed: Login Feature : Page title matched
[WARN ] 2023-09-22 16:53:20.787 [main] StepDef - Test failed: Login Feature : Page title not matched
[INFO ] 2023-09-22 16:53:20.788 [main] StepDef - browser closed
[INFO ] 2023-09-26 19:15:11.057 [main] StepDef - setup method executed...
[INFO ] 2023-09-26 19:15:11.441 [main] StepDef - user launch the firefox browser...
[INFO ] 2023-09-26 19:15:13.493 [main] StepDef - user ioprn the url...
[INFO ] 2023-09-26 19:15:13.731 [main] StepDef - email address and password entered...
[INFO ] 2023-09-26 19:15:18.354 [main] StepDef - login button clicked...
[WARN ] 2023-09-26 19:15:18.363 [main] StepDef - Test passed: Login Feature : Page title matched
[WARN ] 2023-09-26 19:15:18.366 [main] StepDef - Test failed: Login Feature : Page title not matched
[INFO ] 2023-09-26 19:15:24.228 [main] StepDef - User clicked on logout linked
[WARN ] 2023-09-26 19:15:29.237 [main] StepDef - Test passed: Login Feature : Page title matched
[WARN ] 2023-09-26 19:15:29.237 [main] StepDef - Test failed: Login Feature : Page title not matched
[INFO ] 2023-09-26 19:15:29.238 [main] StepDef - browser closed
[INFO ] 2023-09-26 19:23:06.221 [main] StepDef - setup method executed...
[INFO ] 2023-09-26 19:23:06.571 [main] StepDef - user launch the firefox browser...
[INFO ] 2023-09-26 19:23:08.845 [main] StepDef - user ioprn the url...
[INFO ] 2023-09-26 19:23:09.034 [main] StepDef - email address and password entered...
[INFO ] 2023-09-26 19:23:12.013 [main] StepDef - login button clicked...
[WARN ] 2023-09-26 19:23:12.021 [main] StepDef - Test passed: Login Feature : Page title matched
[WARN ] 2023-09-26 19:23:12.024 [main] StepDef - Test failed: Login Feature : Page title not matched
[INFO ] 2023-09-26 19:23:17.905 [main] StepDef - User clicked on logout linked
[WARN ] 2023-09-26 19:23:22.917 [main] StepDef - Test passed: Login Feature : Page title matched
[WARN ] 2023-09-26 19:23:22.918 [main] StepDef - Test failed: Login Feature : Page title not matched
[INFO ] 2023-09-26 19:23:22.919 [main] StepDef - browser closed
[INFO ] 2023-09-26 19:24:14.243 [main] StepDef - setup method executed...
[INFO ] 2023-09-26 19:24:14.365 [main] StepDef - user launch the firefox browser...
[INFO ] 2023-09-26 19:24:16.224 [main] StepDef - user ioprn the url...
[INFO ] 2023-09-26 19:24:16.443 [main] StepDef - email address and password entered...
[INFO ] 2023-09-26 19:24:20.819 [main] StepDef - login button clicked...
[WARN ] 2023-09-26 19:24:20.828 [main] StepDef - Test passed: Login Feature : Page title matched
[WARN ] 2023-09-26 19:24:20.832 [main] StepDef - Test failed: Login Feature : Page title not matched
[INFO ] 2023-09-26 19:24:27.356 [main] StepDef - User clicked on logout linked
[WARN ] 2023-09-26 19:24:32.364 [main] StepDef - Test passed: Login Feature : Page title matched
[WARN ] 2023-09-26 19:24:32.364 [main] StepDef - Test failed: Login Feature : Page title not matched
[INFO ] 2023-09-26 19:24:32.365 [main] StepDef - browser closed
[INFO ] 2023-09-27 12:54:39.453 [main] StepDef - setup method executed...
[INFO ] 2023-09-27 12:54:39.811 [main] StepDef - user launch the firefox browser...
[INFO ] 2023-09-27 12:54:42.089 [main] StepDef - user ioprn the url...
[INFO ] 2023-09-27 12:54:42.354 [main] StepDef - email address and password entered...
[INFO ] 2023-09-27 12:54:45.691 [main] StepDef - login button clicked...
[WARN ] 2023-09-27 12:54:45.701 [main] StepDef - Test passed: Login Feature : Page title matched
[WARN ] 2023-09-27 12:54:45.701 [main] StepDef - Test failed: Login Feature : Page title not matched
[INFO ] 2023-09-27 12:54:52.649 [main] StepDef - User clicked on logout linked
[WARN ] 2023-09-27 12:54:57.670 [main] StepDef - Test passed: Login Feature : Page title matched
[WARN ] 2023-09-27 12:54:57.670 [main] StepDef - Test failed: Login Feature : Page title not matched
[INFO ] 2023-09-27 12:54:57.671 [main] StepDef - browser closed
[INFO ] 2023-09-27 13:38:07.692 [main] StepDef - setup method executed...
[INFO ] 2023-09-27 13:38:08.077 [main] StepDef - user launch the firefox browser...
[INFO ] 2023-09-27 13:38:10.296 [main] StepDef - user ioprn the url...
[INFO ] 2023-09-27 13:38:10.608 [main] StepDef - email address and password entered...
[INFO ] 2023-09-27 13:38:13.694 [main] StepDef - login button clicked...
[WARN ] 2023-09-27 13:38:13.703 [main] StepDef - Test passed: Login Feature : Page title matched
[WARN ] 2023-09-27 13:38:13.706 [main] StepDef - Test failed: Login Feature : Page title not matched
[INFO ] 2023-09-27 13:38:20.721 [main] StepDef - User clicked on logout linked
[WARN ] 2023-09-27 13:38:25.740 [main] StepDef - Test passed: Login Feature : Page title matched
[WARN ] 2023-09-27 13:38:25.741 [main] StepDef - Test failed: Login Feature : Page title not matched
[INFO ] 2023-09-27 13:38:25.741 [main] StepDef - browser closed
[INFO ] 2023-09-27 13:39:10.647 [main] StepDef - setup method executed...
[INFO ] 2023-09-27 13:39:11.307 [main] StepDef - user launch the firefox browser...
[INFO ] 2023-09-27 13:39:13.088 [main] StepDef - user ioprn the url...
[INFO ] 2023-09-27 13:39:13.344 [main] StepDef - email address and password entered...
[INFO ] 2023-09-27 13:39:16.723 [main] StepDef - login button clicked...
[WARN ] 2023-09-27 13:39:16.732 [main] StepDef - Test passed: Login Feature : Page title matched
[WARN ] 2023-09-27 13:39:16.741 [main] StepDef - Test failed: Login Feature : Page title not matched
[INFO ] 2023-09-27 13:39:23.517 [main] StepDef - User clicked on logout linked
[WARN ] 2023-09-27 13:39:28.530 [main] StepDef - Test passed: Login Feature : Page title matched
[WARN ] 2023-09-27 13:39:28.530 [main] StepDef - Test failed: Login Feature : Page title not matched
[INFO ] 2023-09-27 13:39:28.532 [main] StepDef - browser closed
[INFO ] 2023-09-27 15:44:04.936 [main] StepDef - setup method executed...
[INFO ] 2023-09-27 15:44:05.234 [main] StepDef - user launch the firefox browser...
[INFO ] 2023-09-27 15:44:07.241 [main] StepDef - user ioprn the url...
[INFO ] 2023-09-27 15:44:07.366 [main] StepDef - email address and password entered...
[INFO ] 2023-09-27 15:44:11.471 [main] StepDef - login button clicked...
[WARN ] 2023-09-27 15:44:11.476 [main] StepDef - Test passed: Login Feature : Page title matched
[WARN ] 2023-09-27 15:44:11.479 [main] StepDef - Test failed: Login Feature : Page title not matched
[INFO ] 2023-09-27 15:44:17.881 [main] StepDef - User clicked on logout linked
[WARN ] 2023-09-27 15:44:22.899 [main] StepDef - Test passed: Login Feature : Page title matched
[WARN ] 2023-09-27 15:44:22.900 [main] StepDef - Test failed: Login Feature : Page title not matched
[INFO ] 2023-09-27 15:44:22.900 [main] StepDef - browser closed
[INFO ] 2023-09-27 15:54:08.372 [main] StepDef - setup method executed...
[INFO ] 2023-09-27 15:54:08.675 [main] StepDef - user launch the firefox browser...
[INFO ] 2023-09-27 15:54:10.547 [main] StepDef - user ioprn the url...
[INFO ] 2023-09-27 15:54:10.661 [main] StepDef - email address and password entered...
[INFO ] 2023-09-27 15:54:15.335 [main] StepDef - login button clicked...
[WARN ] 2023-09-27 15:54:15.340 [main] StepDef - Test passed: Login Feature : Page title matched
[WARN ] 2023-09-27 15:54:15.342 [main] StepDef - Test failed: Login Feature : Page title not matched
[INFO ] 2023-09-27 15:54:21.996 [main] StepDef - User clicked on logout linked
[WARN ] 2023-09-27 15:54:27.003 [main] StepDef - Test passed: Login Feature : Page title matched
[WARN ] 2023-09-27 15:54:27.004 [main] StepDef - Test failed: Login Feature : Page title not matched
[INFO ] 2023-09-27 15:54:27.005 [main] StepDef - browser closed
[INFO ] 2023-09-29 16:09:50.020 [main] StepDef - setup method executed...
[INFO ] 2023-09-29 16:09:50.365 [main] StepDef - user launch the firefox browser...
[INFO ] 2023-09-29 16:09:52.542 [main] StepDef - user ioprn the url...
[INFO ] 2023-09-29 16:09:52.734 [main] StepDef - email address and password entered...
[INFO ] 2023-09-29 16:09:57.430 [main] StepDef - login button clicked...
[WARN ] 2023-09-29 16:09:57.438 [main] StepDef - Test passed: Login Feature : Page title matched
[WARN ] 2023-09-29 16:09:57.438 [main] StepDef - Test failed: Login Feature : Page title not matched
[INFO ] 2023-09-29 16:10:04.144 [main] StepDef - User clicked on logout linked
[WARN ] 2023-09-29 16:10:09.167 [main] StepDef - Test passed: Login Feature : Page title matched
[WARN ] 2023-09-29 16:10:09.167 [main] StepDef - Test failed: Login Feature : Page title not matched
[INFO ] 2023-09-29 16:10:09.167 [main] StepDef - browser closed
[INFO ] 2023-09-29 16:25:30.557 [main] StepDef - setup method executed...
[INFO ] 2023-09-29 16:25:30.906 [main] StepDef - user launch the firefox browser...
[INFO ] 2023-09-29 16:25:33.261 [main] StepDef - user ioprn the url...
[INFO ] 2023-09-29 16:25:33.535 [main] StepDef - email address and password entered...
[INFO ] 2023-09-29 16:25:38.148 [main] StepDef - login button clicked...
[WARN ] 2023-09-29 16:25:38.156 [main] StepDef - Test passed: Login Feature : Page title matched
[WARN ] 2023-09-29 16:25:38.161 [main] StepDef - Test failed: Login Feature : Page title not matched
[INFO ] 2023-09-29 16:25:44.717 [main] StepDef - User clicked on logout linked
[WARN ] 2023-09-29 16:25:49.740 [main] StepDef - Test passed: Login Feature : Page title matched
[WARN ] 2023-09-29 16:25:49.740 [main] StepDef - Test failed: Login Feature : Page title not matched
[INFO ] 2023-09-29 16:25:49.740 [main] StepDef - browser closed
[INFO ] 2023-09-29 16:26:23.904 [main] StepDef - setup method executed...
[INFO ] 2023-09-29 16:26:24.249 [main] StepDef - user launch the firefox browser...
[INFO ] 2023-09-29 16:26:25.969 [main] StepDef - user ioprn the url...
[INFO ] 2023-09-29 16:26:26.245 [main] StepDef - email address and password entered...
[INFO ] 2023-09-29 16:26:28.473 [main] StepDef - login button clicked...
[WARN ] 2023-09-29 16:26:28.483 [main] StepDef - Test passed: Login Feature : Page title matched
[WARN ] 2023-09-29 16:26:28.486 [main] StepDef - Test failed: Login Feature : Page title not matched
[INFO ] 2023-09-29 16:26:35.581 [main] StepDef - User clicked on logout linked
[WARN ] 2023-09-29 16:26:40.605 [main] StepDef - Test passed: Login Feature : Page title matched
[WARN ] 2023-09-29 16:26:40.605 [main] StepDef - Test failed: Login Feature : Page title not matched
[INFO ] 2023-09-29 16:26:40.605 [main] StepDef - browser closed
